VeriWell for Win32 HDL     <Version 2.0.5>    Fri Mar 09 21:56:05 2001

  This is a free version of the VeriWell for Win32 Simulator
  Distribute this freely; call 1-800-VERIWELL for ordering information
  See the file "!readme.1st" for more information

  Copyright (c) 1995 Wellspring Solutions, Inc.
            All rights reserved


Memory Available: 0
Entering Phase I...
Compiling source file : soc-gr-tb.v
Compiling source file : soc-gr0040.v
Compiling source file : ramb4.v
The size of this model is [38%, 43%] of the capacity of the free version

Entering Phase II...
Entering Phase III...
No errors in compilation
Top-level modules:
   grt

                   0                                                                                     H                                        L
                  12 ip ok in rs ce   pc i_ad insn hi rf    a    b  sum  d_ad rd sw sb dout  lw lb data  rs we en ada di do  rs we en adb di do   rs we en ada di do  rs we en adb di do
                  12  0  0  0  1  1 0020 0020 2003  0  0 0000 0000 0000  0000  1  0  0 0000   0  0 0000   0  0  1 010 00 20   1  0  1 000 00 00    0  0  1 010 00 03   1  0  1 000 00 00
                  22  0  1  0  0  1 0020 0022 2003  1  1 0000 0000 0000  0000  1  0  0 0000   0  0 0000   0  0  1 011 00 20   0  0  1 000 00 00    0  0  1 011 00 03   0  0  1 000 00 00
                  32  0  0  0  0  1 0022 0024 803f  1  0 000f 0000 000f  000f  1  0  0 0000   0  0 zzzz   0  0  1 012 00 80   0  0  1 007 00 00    0  0  1 012 00 3f   0  0  1 007 00 00
                  42  0  1  0  0  1 0024 0026 1e0e  1  1 03fe 0000 03fe  03fe  1  0  0 0000   0  0 03fe   0  0  1 013 00 1e   0  0  1 1ff 00 1e    0  0  1 013 00 0e   0  0  1 1ff 00 e2
                  52  0  0  0  0  1 0026 0028 8002  1  0 0002 0000 0002  0002  1  0  0 0000   0  0 zzzz   0  0  1 014 00 80   0  0  1 001 00 xx    0  0  1 014 00 02   0  0  1 001 00 xx
                  62  0  1  0  0  1 0028 002e 0f0e  1  1 002e 0000 002e  002e  1  0  0 0000   0  0 0028   0  0  1 017 00 0f   0  0  1 017 00 1e    0  0  1 017 00 0e   0  0  1 017 00 ee
                  72  0  1  0  0  1 002e 0030 1eea  1  1 fffa 03fe 03f8  03f8  1  0  0 03fe   0  0 03f8   0  0  1 018 00 1e   0  0  1 1fc fe 1e    0  0  1 018 00 ea   0  0  1 1fc fe ea
                  82  0  1  0  0  1 0030 0032 6be0  1  0 0000 03f8 03f8  03f8  1  1  0 0000   0  0 0000   0  0  1 019 00 6b   0  1  1 1fc 00 xx    0  0  1 019 00 e0   0  1  1 1fc 00 xx
                  92  0  1  0  0  1 0032 0034 6ce2  1  0 0002 03f8 03fa  03fa  1  1  0 0000   0  0 0000   0  0  1 01a 00 6c   0  1  1 1fd 00 00    0  0  1 01a 00 e2   0  1  1 1fd 00 00
                 102  0  1  0  0  1 0034 0036 6de4  1  0 0004 03f8 03fc  03fc  1  1  0 0000   0  0 0000   0  0  1 01b 00 6d   0  1  1 1fe 00 00    0  0  1 01b 00 e4   0  1  1 1fe 00 00
                 112  0  1  0  0  1 0036 0038 1b01  1  1 0001 0000 0001  0001  1  0  0 0000   0  0 0001   0  0  1 01c 00 1b   0  0  1 000 00 00    0  0  1 01c 00 01   0  0  1 000 00 00
                 122  0  1  0  0  1 0038 003a 1d01  1  1 0001 0000 0001  0001  1  0  0 0000   0  0 0001   0  0  1 01d 00 1d   0  0  1 000 00 00    0  0  1 01d 00 01   0  0  1 000 00 00
                 132  0  1  0  0  1 003a 003c 1c01  1  1 0001 0000 0001  0001  1  0  0 0000   0  0 0001   0  0  1 01e 00 1c   0  0  1 000 00 00    0  0  1 01e 00 01   0  0  1 000 00 00
                 142  0  1  0  0  1 003c 0046 9005  1  0 0005 0000 0005  0005  1  0  0 0000   0  0 zzzz   0  0  1 023 00 90   0  0  1 002 00 00    0  0  1 023 00 05   0  0  1 002 00 00
                 152  0  0  0  0  1 0046 0048 8271  1  0 0001 0000 0001  0001  1  0  0 0000   0  0 zzzz   0  0  1 024 00 82   0  0  1 000 00 60    0  0  1 024 00 71   0  0  1 000 00 e0
                 162  0  0  0  0  1 0048 004a 3c60  1  0 2710 0001 270f  270f  1  0  0 0001   0  0 zzzz   0  0  1 025 00 3c   0  0  1 187 01 00    0  0  1 025 00 60   0  0  1 187 01 00
                 172  0  1  0  0  1 004a 003e 99fa  1  0 000a 0028 0032  0032  1  0  0 0000   0  0 zzzz   0  0  1 01f 00 99   0  0  1 019 00 xx    0  0  1 01f 00 fa   0  0  1 019 00 xx
                 182  0  1  0  0  1 003e 0040 1cb0  1  1 0000 0001 0001  0001  1  0  0 0001   0  0 0001   0  0  1 020 00 1c   0  0  1 000 01 6c    0  0  1 020 00 b0   0  0  1 000 01 e2
                 192  0  1  0  0  1 0040 0042 2cd0  1  1 0001 0001 0002  0002  1  0  0 0001   0  0 0002   0  0  1 021 00 2c   0  0  1 001 01 00    0  0  1 021 00 d0   0  0  1 001 01 00
                 202  0  1  0  0  1 0042 0044 1bd0  1  1 0000 0001 0001  0001  1  0  0 0001   0  0 0001   0  0  1 022 00 1b   0  0  1 000 01 1e    0  0  1 022 00 d0   0  0  1 000 01 ee
                 212 ip ok in rs ce   pc i_ad insn hi rf    a    b  sum  d_ad rd sw sb dout  lw lb data  rs we en ada di do  rs we en adb di do   rs we en ada di do  rs we en adb di do
                 212  0  1  0  0  1 0044 0046 1dc0  1  1 0000 0002 0002  0002  1  0  0 0001   0  0 0002   0  0  1 023 00 1d   0  0  1 001 01 00    0  0  1 023 00 c0   0  0  1 001 01 00
                 222  0  0  0  0  1 0046 0048 8271  1  0 0001 0000 0001  0001  1  0  0 0000   0  0 zzzz   0  0  1 024 00 82   0  0  1 000 00 1e    0  0  1 024 00 71   0  0  1 000 00 ee
                 232  0  0  0  0  1 0048 004a 3c60  1  0 2710 0002 270e  270e  1  0  0 0002   0  0 zzzz   0  0  1 025 00 3c   0  0  1 187 02 00    0  0  1 025 00 60   0  0  1 187 02 00
                 242  0  1  0  0  1 004a 003e 99fa  1  0 000a 0028 0032  0032  1  0  0 0000   0  0 zzzz   0  0  1 01f 00 99   0  0  1 019 00 xx    0  0  1 01f 00 fa   0  0  1 019 00 xx
                 252  0  1  0  0  1 003e 0040 1cb0  1  1 0000 0001 0001  0001  1  0  0 0002   0  0 0001   0  0  1 020 00 1c   0  0  1 000 02 6c    0  0  1 020 00 b0   0  0  1 000 02 e2
                 262  0  1  0  0  1 0040 0042 2cd0  1  1 0001 0002 0003  0003  1  0  0 0001   0  0 0003   0  0  1 021 00 2c   0  0  1 001 01 00    0  0  1 021 00 d0   0  0  1 001 01 00
                 272  0  1  0  0  1 0042 0044 1bd0  1  1 0000 0002 0002  0002  1  0  0 0001   0  0 0002   0  0  1 022 00 1b   0  0  1 001 01 1e    0  0  1 022 00 d0   0  0  1 001 01 ee
                 282  0  1  0  0  1 0044 0046 1dc0  1  1 0000 0003 0003  0003  1  0  0 0002   0  0 0003   0  0  1 023 00 1d   0  0  1 001 02 1e    0  0  1 023 00 c0   0  0  1 001 02 ee
                 292  0  0  0  0  1 0046 0048 8271  1  0 0001 0000 0001  0001  1  0  0 0000   0  0 zzzz   0  0  1 024 00 82   0  0  1 000 00 1e    0  0  1 024 00 71   0  0  1 000 00 ee
                 302  0  0  0  0  1 0048 004a 3c60  1  0 2710 0003 270d  270d  1  0  0 0003   0  0 zzzz   0  0  1 025 00 3c   0  0  1 186 03 00    0  0  1 025 00 60   0  0  1 186 03 00
                 312  0  1  0  0  1 004a 003e 99fa  1  0 000a 0028 0032  0032  1  0  0 0000   0  0 zzzz   0  0  1 01f 00 99   0  0  1 019 00 xx    0  0  1 01f 00 fa   0  0  1 019 00 xx
                 322  0  1  0  0  1 003e 0040 1cb0  1  1 0000 0002 0002  0002  1  0  0 0003   0  0 0002   0  0  1 020 00 1c   0  0  1 001 03 6c    0  0  1 020 00 b0   0  0  1 001 03 e2
                 332  0  1  0  0  1 0040 0042 2cd0  1  1 0002 0003 0005  0005  1  0  0 0002   0  0 0005   0  0  1 021 00 2c   0  0  1 002 02 1e    0  0  1 021 00 d0   0  0  1 002 02 ee
                 342  0  1  0  0  1 0042 0044 1bd0  1  1 0000 0003 0003  0003  1  0  0 0002   0  0 0003   0  0  1 022 00 1b   0  0  1 001 02 60    0  0  1 022 00 d0   0  0  1 001 02 e0
                 352  0  1  0  0  1 0044 0046 1dc0  1  1 0000 0005 0005  0005  1  0  0 0003   0  0 0005   0  0  1 023 00 1d   0  0  1 002 03 1e    0  0  1 023 00 c0   0  0  1 002 03 ee
                 362  0  0  0  0  1 0046 0048 8271  1  0 0001 0000 0001  0001  1  0  0 0000   0  0 zzzz   0  0  1 024 00 82   0  0  1 000 00 60    0  0  1 024 00 71   0  0  1 000 00 e0
                 372  0  0  0  0  1 0048 004a 3c60  1  0 2710 0005 270b  270b  1  0  0 0005   0  0 zzzz   0  0  1 025 00 3c   0  0  1 185 05 00    0  0  1 025 00 60   0  0  1 185 05 00
                 382  0  1  0  0  1 004a 003e 99fa  1  0 000a 0028 0032  0032  1  0  0 0000   0  0 zzzz   0  0  1 01f 00 99   0  0  1 019 00 xx    0  0  1 01f 00 fa   0  0  1 019 00 xx
                 392  0  1  0  0  1 003e 0040 1cb0  1  1 0000 0003 0003  0003  1  0  0 0005   0  0 0003   0  0  1 020 00 1c   0  0  1 001 05 6c    0  0  1 020 00 b0   0  0  1 001 05 e2
                 402  0  1  0  0  1 0040 0042 2cd0  1  1 0003 0005 0008  0008  1  0  0 0003   0  0 0008   0  0  1 021 00 2c   0  0  1 004 03 1e    0  0  1 021 00 d0   0  0  1 004 03 ee
                 412 ip ok in rs ce   pc i_ad insn hi rf    a    b  sum  d_ad rd sw sb dout  lw lb data  rs we en ada di do  rs we en adb di do   rs we en ada di do  rs we en adb di do
                 412  0  1  0  0  1 0042 0044 1bd0  1  1 0000 0005 0005  0005  1  0  0 0003   0  0 0005   0  0  1 022 00 1b   0  0  1 002 03 88    0  0  1 022 00 d0   0  0  1 002 03 00
                 422  0  1  0  0  1 0044 0046 1dc0  1  1 0000 0008 0008  0008  1  0  0 0005   0  0 0008   0  0  1 023 00 1d   0  0  1 004 05 60    0  0  1 023 00 c0   0  0  1 004 05 e0
                 432  0  0  0  0  1 0046 0048 8271  1  0 0001 0000 0001  0001  1  0  0 0000   0  0 zzzz   0  0  1 024 00 82   0  0  1 000 00 88    0  0  1 024 00 71   0  0  1 000 00 00
                 442  0  0  0  0  1 0048 004a 3c60  1  0 2710 0008 2708  2708  1  0  0 0008   0  0 zzzz   0  0  1 025 00 3c   0  0  1 184 08 00    0  0  1 025 00 60   0  0  1 184 08 00
                 452  0  1  0  0  1 004a 003e 99fa  1  0 000a 0028 0032  0032  1  0  0 0000   0  0 zzzz   0  0  1 01f 00 99   0  0  1 019 00 xx    0  0  1 01f 00 fa   0  0  1 019 00 xx
                 462  0  1  0  0  1 003e 0040 1cb0  1  1 0000 0005 0005  0005  1  0  0 0008   0  0 0005   0  0  1 020 00 1c   0  0  1 002 08 6c    0  0  1 020 00 b0   0  0  1 002 08 e2
                 472  0  1  0  0  1 0040 0042 2cd0  1  1 0005 0008 000d  000d  1  0  0 0005   0  0 000d   0  0  1 021 00 2c   0  0  1 006 05 60    0  0  1 021 00 d0   0  0  1 006 05 e0
                 482  0  1  0  0  1 0042 0044 1bd0  1  1 0000 0008 0008  0008  1  0  0 0005   0  0 0008   0  0  1 022 00 1b   0  0  1 004 05 40    0  0  1 022 00 d0   0  0  1 004 05 e0
                 492  0  1  0  0  1 0044 0046 1dc0  1  1 0000 000d 000d  000d  1  0  0 0008   0  0 000d   0  0  1 023 00 1d   0  0  1 006 08 88    0  0  1 023 00 c0   0  0  1 006 08 00
                 502  0  0  0  0  1 0046 0048 8271  1  0 0001 0000 0001  0001  1  0  0 0000   0  0 zzzz   0  0  1 024 00 82   0  0  1 000 00 40    0  0  1 024 00 71   0  0  1 000 00 e0
                 512  0  0  0  0  1 0048 004a 3c60  1  0 2710 000d 2703  2703  1  0  0 000d   0  0 zzzz   0  0  1 025 00 3c   0  0  1 181 0d 00    0  0  1 025 00 60   0  0  1 181 0d 00
                 522  0  1  0  0  1 004a 003e 99fa  1  0 000a 0028 0032  0032  1  0  0 0000   0  0 zzzz   0  0  1 01f 00 99   0  0  1 019 00 xx    0  0  1 01f 00 fa   0  0  1 019 00 xx
                 532  0  1  0  0  1 003e 0040 1cb0  1  1 0000 0008 0008  0008  1  0  0 000d   0  0 0008   0  0  1 020 00 1c   0  0  1 004 0d 6c    0  0  1 020 00 b0   0  0  1 004 0d e2
                 542  0  1  0  0  1 0040 0042 2cd0  1  1 0008 000d 0015  0015  1  0  0 0008   0  0 0015   0  0  1 021 00 2c   0  0  1 00a 08 88    0  0  1 021 00 d0   0  0  1 00a 08 00
                 552  0  1  0  0  1 0042 0044 1bd0  1  1 0000 000d 000d  000d  1  0  0 0008   0  0 000d   0  0  1 022 00 1b   0  0  1 006 08 00    0  0  1 022 00 d0   0  0  1 006 08 00
                 562  0  1  0  0  1 0044 0046 1dc0  1  1 0000 0015 0015  0015  1  0  0 000d   0  0 0015   0  0  1 023 00 1d   0  0  1 00a 0d 40    0  0  1 023 00 c0   0  0  1 00a 0d e0
                 572  0  0  0  0  1 0046 0048 8271  1  0 0001 0000 0001  0001  1  0  0 0000   0  0 zzzz   0  0  1 024 00 82   0  0  1 000 00 00    0  0  1 024 00 71   0  0  1 000 00 00
                 582  0  0  0  0  1 0048 004a 3c60  1  0 2710 0015 26fb  26fb  1  0  0 0015   0  0 zzzz   0  0  1 025 00 3c   0  0  1 17d 15 00    0  0  1 025 00 60   0  0  1 17d 15 00
                 592  0  1  0  0  1 004a 003e 99fa  1  0 000a 0028 0032  0032  1  0  0 0000   0  0 zzzz   0  0  1 01f 00 99   0  0  1 019 00 xx    0  0  1 01f 00 fa   0  0  1 019 00 xx
                 602  0  1  0  0  1 003e 0040 1cb0  1  1 0000 000d 000d  000d  1  0  0 0015   0  0 000d   0  0  1 020 00 1c   0  0  1 006 15 6c    0  0  1 020 00 b0   0  0  1 006 15 e2
                 612 ip ok in rs ce   pc i_ad insn hi rf    a    b  sum  d_ad rd sw sb dout  lw lb data  rs we en ada di do  rs we en adb di do   rs we en ada di do  rs we en adb di do
                 612  0  1  0  0  1 0040 0042 2cd0  1  1 000d 0015 0022  0022  1  0  0 000d   0  0 0022   0  0  1 021 00 2c   0  0  1 011 0d 40    0  0  1 021 00 d0   0  0  1 011 0d e0
                 622  0  1  0  0  1 0042 0044 1bd0  1  1 0000 0015 0015  0015  1  0  0 000d   0  0 0015   0  0  1 022 00 1b   0  0  1 00a 0d 80    0  0  1 022 00 d0   0  0  1 00a 0d 3f
                 632  0  1  0  0  1 0044 0046 1dc0  1  1 0000 0022 0022  0022  1  0  0 0015   0  0 0022   0  0  1 023 00 1d   0  0  1 011 15 00    0  0  1 023 00 c0   0  0  1 011 15 00
                 642  0  0  0  0  1 0046 0048 8271  1  0 0001 0000 0001  0001  1  0  0 0000   0  0 zzzz   0  0  1 024 00 82   0  0  1 000 00 80    0  0  1 024 00 71   0  0  1 000 00 3f
                 652  0  0  0  0  1 0048 004a 3c60  1  0 2710 0022 26ee  26ee  1  0  0 0022   0  0 zzzz   0  0  1 025 00 3c   0  0  1 177 22 00    0  0  1 025 00 60   0  0  1 177 22 00
                 662  0  1  0  0  1 004a 003e 99fa  1  0 000a 0028 0032  0032  1  0  0 0000   0  0 zzzz   0  0  1 01f 00 99   0  0  1 019 00 xx    0  0  1 01f 00 fa   0  0  1 019 00 xx
                 672  1  1  0  0  1 003e 0040 1cb0  1  1 0000 0015 0015  0015  1  0  0 0022   0  0 0015   1  0  1 020 00 1c   0  0  1 00a 22 6c    1  0  1 020 00 b0   0  0  1 00a 22 e2
                 682  1  1  1  0  1 0040 0002 0002  1  1 0002 0000 0002  0002  1  0  0 0000   0  0 0040   0  0  1 001 00 00   0  0  1 001 00 00    0  0  1 001 00 00   0  0  1 001 00 00
                 692  0  1  0  0  1 0002 0004 1eee  1  1 fffe 03f8 03f6  03f6  1  0  0 03f8   0  0 03f6   0  0  1 002 00 1e   0  0  1 1fb f8 1e    0  0  1 002 00 ee   0  0  1 1fb f8 ee
                 702  0  1  0  0  1 0004 0006 60e0  1  0 0000 03f6 03f6  03f6  1  1  0 0040   0  0 0040   0  0  1 003 00 60   0  1  1 1fb 00 xx    0  0  1 003 00 e0   0  1  1 1fb 40 xx
                 712  0  1  0  0  1 0006 0008 2003  1  1 0040 0040 0080  0080  1  0  0 0040   0  0 0000   0  0  1 004 00 20   0  0  1 040 40 00    0  0  1 004 00 03   0  0  1 040 40 40
                 722  0  0  0  0  1 0008 000a 8800  1  0 0000 0000 0000  0000  1  0  0 0000   0  0 zzzz   0  0  1 005 00 88   0  0  1 000 00 xx    0  0  1 005 00 00   0  0  1 000 00 xx
                 732  0  1  0  0  0 000a 000c 7007  1  0 8007 0000 8007  8007  0  0  1 0000   0  0 0000   0  0  0 006 00 70   0  0  1 003 00 00    0  0  0 006 00 07   0  0  1 003 00 00
                 742  0  1  0  0  1 000a 000c 7007  1  0 8007 0000 8007  8007  1  0  1 0000   0  0 0000   0  0  1 006 00 70   0  0  1 003 00 20    0  0  1 006 00 07   0  0  1 003 00 03
                 752  0  1  0  0  0 000c 000e 40e0  1  0 0000 03f6 03f6  03f6  0  0  0 0000   1  0 2003   0  0  0 007 00 40   0  0  1 1fb 00 20    0  0  0 007 00 e0   0  0  1 1fb 00 03
                 762  0  1  0  0  1 000c 000e 40e0  1  1 0000 03f6 03f6  03f6  1  0  0 0000   1  0 0040   0  0  1 007 00 40   0  0  1 1fb 00 00    0  0  1 007 00 e0   0  0  1 1fb 00 40
                 772  0  1  0  0  1 000e 0010 1ee2  1  1 0002 03f6 03f8  03f8  1  0  0 03f6   0  0 03f8   0  0  1 008 00 1e   0  0  1 1fc f6 00    0  0  1 008 00 e2   0  0  1 1fc f6 40
                 782  0  1  0  0  1 0010 0000 90f8  1  0 0008 0028 0030  0030  1  0  0 0040   0  0 zzzz   0  0  1 000 00 90   0  0  1 018 40 00    0  0  1 000 00 f8   0  0  1 018 40 00
                 792  0  1  0  0  1 0000 0040 0000  1  1 0000 0040 0040  0040  1  0  0 0040   0  0 0000   0  0  1 020 00 00   0  0  1 020 40 6b    0  0  1 020 00 00   0  0  1 020 40 e0
                 802  0  1  0  0  1 0040 0042 2cd0  1  1 0015 0022 0037  0037  1  0  0 0015   0  0 0037   0  0  1 021 00 2c   0  0  1 01b 15 2c    0  0  1 021 00 d0   0  0  1 01b 15 d0
                 812 ip ok in rs ce   pc i_ad insn hi rf    a    b  sum  d_ad rd sw sb dout  lw lb data  rs we en ada di do  rs we en adb di do   rs we en ada di do  rs we en adb di do
                 812  0  1  0  0  1 0042 0044 1bd0  1  1 0000 0022 0022  0022  1  0  0 0015   0  0 0022   0  0  1 022 00 1b   0  0  1 011 15 1b    0  0  1 022 00 d0   0  0  1 011 15 01
                 822  0  1  0  0  1 0044 0046 1dc0  1  1 0000 0037 0037  0037  1  0  0 0022   0  0 0037   0  0  1 023 00 1d   0  0  1 01b 22 80    0  0  1 023 00 c0   0  0  1 01b 22 3f
                 832  0  0  0  0  1 0046 0048 8271  1  0 0001 0000 0001  0001  1  0  0 0000   0  0 zzzz   0  0  1 024 00 82   0  0  1 000 00 1b    0  0  1 024 00 71   0  0  1 000 00 01
                 842  0  0  0  0  1 0048 004a 3c60  1  0 2710 0037 26d9  26d9  1  0  0 0037   0  0 zzzz   0  0  1 025 00 3c   0  0  1 16c 37 00    0  0  1 025 00 60   0  0  1 16c 37 00
                 852  0  1  0  0  1 004a 003e 99fa  1  0 000a 0028 0032  0032  1  0  0 0000   0  0 zzzz   0  0  1 01f 00 99   0  0  1 019 00 xx    0  0  1 01f 00 fa   0  0  1 019 00 xx
                 862  0  1  0  0  1 003e 0040 1cb0  1  1 0000 0022 0022  0022  1  0  0 0037   0  0 0022   0  0  1 020 00 1c   0  0  1 011 37 6c    0  0  1 020 00 b0   0  0  1 011 37 e2
                 872  0  1  0  0  1 0040 0042 2cd0  1  1 0022 0037 0059  0059  1  0  0 0022   0  0 0059   0  0  1 021 00 2c   0  0  1 02c 22 80    0  0  1 021 00 d0   0  0  1 02c 22 3f
                 882  0  1  0  0  1 0042 0044 1bd0  1  1 0000 0037 0037  0037  1  0  0 0022   0  0 0037   0  0  1 022 00 1b   0  0  1 01b 22 xx    0  0  1 022 00 d0   0  0  1 01b 22 xx
                 892  0  1  0  0  1 0044 0046 1dc0  1  1 0000 0059 0059  0059  1  0  0 0037   0  0 0059   0  0  1 023 00 1d   0  0  1 02c 37 1b    0  0  1 023 00 c0   0  0  1 02c 37 01
                 902  0  0  0  0  1 0046 0048 8271  1  0 0001 0000 0001  0001  1  0  0 0000   0  0 zzzz   0  0  1 024 00 82   0  0  1 000 00 xx    0  0  1 024 00 71   0  0  1 000 00 xx
                 912  0  0  0  0  1 0048 004a 3c60  1  0 2710 0059 26b7  26b7  1  0  0 0059   0  0 zzzz   0  0  1 025 00 3c   0  0  1 15b 59 00    0  0  1 025 00 60   0  0  1 15b 59 00
                 922  0  1  0  0  1 004a 003e 99fa  1  0 000a 0028 0032  0032  1  0  0 0000   0  0 zzzz   0  0  1 01f 00 99   0  0  1 019 00 xx    0  0  1 01f 00 fa   0  0  1 019 00 xx
                 932  0  1  0  0  1 003e 0040 1cb0  1  1 0000 0037 0037  0037  1  0  0 0059   0  0 0037   0  0  1 020 00 1c   0  0  1 01b 59 6c    0  0  1 020 00 b0   0  0  1 01b 59 e2
                 942  0  1  0  0  1 0040 0042 2cd0  1  1 0037 0059 0090  0090  1  0  0 0037   0  0 0090   0  0  1 021 00 2c   0  0  1 048 37 1b    0  0  1 021 00 d0   0  0  1 048 37 01
                 952  0  1  0  0  1 0042 0044 1bd0  1  1 0000 0059 0059  0059  1  0  0 0037   0  0 0059   0  0  1 022 00 1b   0  0  1 02c 37 xx    0  0  1 022 00 d0   0  0  1 02c 37 xx
                 962  0  1  0  0  1 0044 0046 1dc0  1  1 0000 0090 0090  0090  1  0  0 0059   0  0 0090   0  0  1 023 00 1d   0  0  1 048 59 xx    0  0  1 023 00 c0   0  0  1 048 59 xx
                 972  0  0  0  0  1 0046 0048 8271  1  0 0001 0000 0001  0001  1  0  0 0000   0  0 zzzz   0  0  1 024 00 82   0  0  1 000 00 xx    0  0  1 024 00 71   0  0  1 000 00 xx
                 982  0  0  0  0  1 0048 004a 3c60  1  0 2710 0090 2680  2680  1  0  0 0090   0  0 zzzz   0  0  1 025 00 3c   0  0  1 140 90 00    0  0  1 025 00 60   0  0  1 140 90 00
                 992  0  1  0  0  1 004a 003e 99fa  1  0 000a 0028 0032  0032  1  0  0 0000   0  0 zzzz   0  0  1 01f 00 99   0  0  1 019 00 xx    0  0  1 01f 00 fa   0  0  1 019 00 xx
                1002  0  1  0  0  1 003e 0040 1cb0  1  1 0000 0059 0059  0059  1  0  0 0090   0  0 0059   0  0  1 020 00 1c   0  0  1 02c 90 6c    0  0  1 020 00 b0   0  0  1 02c 90 e2
                1012 ip ok in rs ce   pc i_ad insn hi rf    a    b  sum  d_ad rd sw sb dout  lw lb data  rs we en ada di do  rs we en adb di do   rs we en ada di do  rs we en adb di do
                1012  0  1  0  0  1 0040 0042 2cd0  1  1 0059 0090 00e9  00e9  1  0  0 0059   0  0 00e9   0  0  1 021 00 2c   0  0  1 074 59 xx    0  0  1 021 00 d0   0  0  1 074 59 xx
                1022  0  1  0  0  1 0042 0044 1bd0  1  1 0000 0090 0090  0090  1  0  0 0059   0  0 0090   0  0  1 022 00 1b   0  0  1 048 59 xx    0  0  1 022 00 d0   0  0  1 048 59 xx
                1032  0  1  0  0  1 0044 0046 1dc0  1  1 0000 00e9 00e9  00e9  1  0  0 0090   0  0 00e9   0  0  1 023 00 1d   0  0  1 074 90 xx    0  0  1 023 00 c0   0  0  1 074 90 xx
                1042  0  0  0  0  1 0046 0048 8271  1  0 0001 0000 0001  0001  1  0  0 0000   0  0 zzzz   0  0  1 024 00 82   0  0  1 000 00 xx    0  0  1 024 00 71   0  0  1 000 00 xx
                1052  0  0  0  0  1 0048 004a 3c60  1  0 2710 00e9 2627  2627  1  0  0 00e9   0  0 zzzz   0  0  1 025 00 3c   0  0  1 113 e9 00    0  0  1 025 00 60   0  0  1 113 e9 00
                1062  0  1  0  0  1 004a 003e 99fa  1  0 000a 0028 0032  0032  1  0  0 0000   0  0 zzzz   0  0  1 01f 00 99   0  0  1 019 00 xx    0  0  1 01f 00 fa   0  0  1 019 00 xx
                1072  0  1  0  0  1 003e 0040 1cb0  1  1 0000 0090 0090  0090  1  0  0 00e9   0  0 0090   0  0  1 020 00 1c   0  0  1 048 e9 6c    0  0  1 020 00 b0   0  0  1 048 e9 e2
                1082  0  1  0  0  1 0040 0042 2cd0  1  1 0090 00e9 0179  0179  1  0  0 0090   0  0 0179   0  0  1 021 00 2c   0  0  1 0bc 90 xx    0  0  1 021 00 d0   0  0  1 0bc 90 xx
                1092  0  1  0  0  1 0042 0044 1bd0  1  1 0000 00e9 00e9  00e9  1  0  0 0090   0  0 00e9   0  0  1 022 00 1b   0  0  1 074 90 xx    0  0  1 022 00 d0   0  0  1 074 90 xx
                1102  0  1  0  0  1 0044 0046 1dc0  1  1 0000 0179 0179  0179  1  0  0 00e9   0  0 0179   0  0  1 023 00 1d   0  0  1 0bc e9 xx    0  0  1 023 00 c0   0  0  1 0bc e9 xx
                1112  0  0  0  0  1 0046 0048 8271  1  0 0001 0000 0001  0001  1  0  0 0000   0  0 zzzz   0  0  1 024 00 82   0  0  1 000 00 xx    0  0  1 024 00 71   0  0  1 000 00 xx
                1122  0  0  0  0  1 0048 004a 3c60  1  0 2710 0179 2597  2597  1  0  0 0179   0  0 zzzz   0  0  1 025 00 3c   0  0  1 0cb 79 00    0  0  1 025 00 60   0  0  1 0cb 79 00
                1132  0  1  0  0  1 004a 003e 99fa  1  0 000a 0028 0032  0032  1  0  0 0000   0  0 zzzz   0  0  1 01f 00 99   0  0  1 019 00 xx    0  0  1 01f 00 fa   0  0  1 019 00 xx
                1142  0  1  0  0  1 003e 0040 1cb0  1  1 0000 00e9 00e9  00e9  1  0  0 0179   0  0 00e9   0  0  1 020 00 1c   0  0  1 074 79 6c    0  0  1 020 00 b0   0  0  1 074 79 e2
                1152  0  1  0  0  1 0040 0042 2cd0  1  1 00e9 0179 0262  0262  1  0  0 00e9   0  0 0262   0  0  1 021 00 2c   0  0  1 131 e9 xx    0  0  1 021 00 d0   0  0  1 131 e9 xx
                1162  0  1  0  0  1 0042 0044 1bd0  1  1 0000 0179 0179  0179  1  0  0 00e9   0  0 0179   0  0  1 022 00 1b   0  0  1 0bc e9 xx    0  0  1 022 00 d0   0  0  1 0bc e9 xx
                1172  0  1  0  0  1 0044 0046 1dc0  1  1 0000 0262 0262  0262  1  0  0 0179   0  0 0262   0  0  1 023 00 1d   0  0  1 131 79 xx    0  0  1 023 00 c0   0  0  1 131 79 xx
                1182  0  0  0  0  1 0046 0048 8271  1  0 0001 0000 0001  0001  1  0  0 0000   0  0 zzzz   0  0  1 024 00 82   0  0  1 000 00 xx    0  0  1 024 00 71   0  0  1 000 00 xx
                1192  0  0  0  0  1 0048 004a 3c60  1  0 2710 0262 24ae  24ae  1  0  0 0262   0  0 zzzz   0  0  1 025 00 3c   0  0  1 057 62 00    0  0  1 025 00 60   0  0  1 057 62 00
                1202  0  1  0  0  1 004a 003e 99fa  1  0 000a 0028 0032  0032  1  0  0 0000   0  0 zzzz   0  0  1 01f 00 99   0  0  1 019 00 xx    0  0  1 01f 00 fa   0  0  1 019 00 xx
                1212 ip ok in rs ce   pc i_ad insn hi rf    a    b  sum  d_ad rd sw sb dout  lw lb data  rs we en ada di do  rs we en adb di do   rs we en ada di do  rs we en adb di do
                1212  0  1  0  0  1 003e 0040 1cb0  1  1 0000 0179 0179  0179  1  0  0 0262   0  0 0179   0  0  1 020 00 1c   0  0  1 0bc 62 6c    0  0  1 020 00 b0   0  0  1 0bc 62 e2
                1222  0  1  0  0  1 0040 0042 2cd0  1  1 0179 0262 03db  03db  1  0  0 0179   0  0 03db   0  0  1 021 00 2c   0  0  1 1ed 79 xx    0  0  1 021 00 d0   0  0  1 1ed 79 xx
                1232  0  1  0  0  1 0042 0044 1bd0  1  1 0000 0262 0262  0262  1  0  0 0179   0  0 0262   0  0  1 022 00 1b   0  0  1 131 79 xx    0  0  1 022 00 d0   0  0  1 131 79 xx
                1242  0  1  0  0  1 0044 0046 1dc0  1  1 0000 03db 03db  03db  1  0  0 0262   0  0 03db   0  0  1 023 00 1d   0  0  1 1ed 62 xx    0  0  1 023 00 c0   0  0  1 1ed 62 xx
                1252  0  0  0  0  1 0046 0048 8271  1  0 0001 0000 0001  0001  1  0  0 0000   0  0 zzzz   0  0  1 024 00 82   0  0  1 000 00 xx    0  0  1 024 00 71   0  0  1 000 00 xx
                1262  0  0  0  0  1 0048 004a 3c60  1  0 2710 03db 2335  2335  1  0  0 03db   0  0 zzzz   0  0  1 025 00 3c   0  0  1 19a db 00    0  0  1 025 00 60   0  0  1 19a db 00
                1272  0  1  0  0  1 004a 003e 99fa  1  0 000a 0028 0032  0032  1  0  0 0000   0  0 zzzz   0  0  1 01f 00 99   0  0  1 019 00 xx    0  0  1 01f 00 fa   0  0  1 019 00 xx
                1282  0  1  0  0  1 003e 0040 1cb0  1  1 0000 0262 0262  0262  1  0  0 03db   0  0 0262   0  0  1 020 00 1c   0  0  1 131 db 6c    0  0  1 020 00 b0   0  0  1 131 db e2
                1292  0  1  0  0  1 0040 0042 2cd0  1  1 0262 03db 063d  063d  1  0  0 0262   0  0 063d   0  0  1 021 00 2c   0  0  1 11e 62 xx    0  0  1 021 00 d0   0  0  1 11e 62 xx
                1302  0  1  0  0  1 0042 0044 1bd0  1  1 0000 03db 03db  03db  1  0  0 0262   0  0 03db   0  0  1 022 00 1b   0  0  1 1ed 62 xx    0  0  1 022 00 d0   0  0  1 1ed 62 xx
                1312  1  1  0  0  1 0044 0046 1dc0  1  1 0000 063d 063d  063d  1  0  0 03db   0  0 063d   1  0  1 023 00 1d   0  0  1 11e db xx    1  0  1 023 00 c0   0  0  1 11e db xx
                1322  1  1  1  0  1 0046 0002 0002  1  1 0002 0000 0002  0002  1  0  0 0000   0  0 0046   0  0  1 001 00 00   0  0  1 001 00 xx    0  0  1 001 00 00   0  0  1 001 00 xx
                1332  0  1  0  0  1 0002 0004 1eee  1  1 fffe 03f8 03f6  03f6  1  0  0 03f8   0  0 03f6   0  0  1 002 00 1e   0  0  1 1fb f8 1e    0  0  1 002 00 ee   0  0  1 1fb f8 ee
                1342  0  1  0  0  1 0004 0006 60e0  1  0 0000 03f6 03f6  03f6  1  1  0 0046   0  0 0046   0  0  1 003 00 60   0  1  1 1fb 00 00    0  0  1 003 00 e0   0  1  1 1fb 46 40
                1352  0  1  0  0  1 0006 0008 2003  1  1 0046 0046 008c  008c  1  0  0 0046   0  0 0000   0  0  1 004 00 20   0  0  1 046 46 00    0  0  1 004 00 03   0  0  1 046 46 46
                1362  0  0  0  0  1 0008 000a 8800  1  0 0000 0000 0000  0000  1  0  0 0000   0  0 zzzz   0  0  1 005 00 88   0  0  1 000 00 xx    0  0  1 005 00 00   0  0  1 000 00 xx
                1372  0  1  0  0  0 000a 000c 7007  1  0 8007 0000 8007  8007  0  0  1 0000   0  0 0000   0  0  0 006 00 70   0  0  1 003 00 00    0  0  0 006 00 07   0  0  1 003 00 00
                1382  0  1  0  0  1 000a 000c 7007  1  0 8007 0000 8007  8007  1  0  1 0000   0  0 0000   0  0  1 006 00 70   0  0  1 003 00 20    0  0  1 006 00 07   0  0  1 003 00 03
                1392  0  1  0  0  0 000c 000e 40e0  1  0 0000 03f6 03f6  03f6  0  0  0 0000   1  0 2003   0  0  0 007 00 40   0  0  1 1fb 00 20    0  0  0 007 00 e0   0  0  1 1fb 00 03
                1402  0  1  0  0  1 000c 000e 40e0  1  1 0000 03f6 03f6  03f6  1  0  0 0000   1  0 0046   0  0  1 007 00 40   0  0  1 1fb 00 00    0  0  1 007 00 e0   0  0  1 1fb 00 46
                1412 ip ok in rs ce   pc i_ad insn hi rf    a    b  sum  d_ad rd sw sb dout  lw lb data  rs we en ada di do  rs we en adb di do   rs we en ada di do  rs we en adb di do
                1412  0  1  0  0  1 000e 0010 1ee2  1  1 0002 03f6 03f8  03f8  1  0  0 03f6   0  0 03f8   0  0  1 008 00 1e   0  0  1 1fc f6 00    0  0  1 008 00 e2   0  0  1 1fc f6 46
                1422  0  1  0  0  1 0010 0000 90f8  1  0 0008 0028 0030  0030  1  0  0 0046   0  0 zzzz   0  0  1 000 00 90   0  0  1 018 46 00    0  0  1 000 00 f8   0  0  1 018 46 00
                1432  0  1  0  0  1 0000 0046 0000  1  1 0000 0046 0046  0046  1  0  0 0046   0  0 0000   0  0  1 023 00 00   0  0  1 023 46 6b    0  0  1 023 00 00   0  0  1 023 46 e0
                1442  0  0  0  0  1 0046 0048 8271  1  0 0001 0000 0001  0001  1  0  0 0000   0  0 zzzz   0  0  1 024 00 82   0  0  1 000 00 82    0  0  1 024 00 71   0  0  1 000 00 71
                1452  0  0  0  0  1 0048 004a 3c60  1  0 2710 063d 20d3  20d3  1  0  0 063d   0  0 zzzz   0  0  1 025 00 3c   0  0  1 069 3d 00    0  0  1 025 00 60   0  0  1 069 3d 00
                1462  0  1  0  0  1 004a 003e 99fa  1  0 000a 0028 0032  0032  1  0  0 0000   0  0 zzzz   0  0  1 01f 00 99   0  0  1 019 00 xx    0  0  1 01f 00 fa   0  0  1 019 00 xx
                1472  0  1  0  0  1 003e 0040 1cb0  1  1 0000 03db 03db  03db  1  0  0 063d   0  0 03db   0  0  1 020 00 1c   0  0  1 1ed 3d 6c    0  0  1 020 00 b0   0  0  1 1ed 3d e2
                1482  0  1  0  0  1 0040 0042 2cd0  1  1 03db 063d 0a18  0a18  1  0  0 03db   0  0 0a18   0  0  1 021 00 2c   0  0  1 10c db xx    0  0  1 021 00 d0   0  0  1 10c db xx
                1492  0  1  0  0  1 0042 0044 1bd0  1  1 0000 063d 063d  063d  1  0  0 03db   0  0 063d   0  0  1 022 00 1b   0  0  1 11e db xx    0  0  1 022 00 d0   0  0  1 11e db xx
                1502  0  1  0  0  1 0044 0046 1dc0  1  1 0000 0a18 0a18  0a18  1  0  0 063d   0  0 0a18   0  0  1 023 00 1d   0  0  1 10c 3d xx    0  0  1 023 00 c0   0  0  1 10c 3d xx
                1512  0  0  0  0  1 0046 0048 8271  1  0 0001 0000 0001  0001  1  0  0 0000   0  0 zzzz   0  0  1 024 00 82   0  0  1 000 00 xx    0  0  1 024 00 71   0  0  1 000 00 xx
                1522  0  0  0  0  1 0048 004a 3c60  1  0 2710 0a18 1cf8  1cf8  1  0  0 0a18   0  0 zzzz   0  0  1 025 00 3c   0  0  1 07c 18 00    0  0  1 025 00 60   0  0  1 07c 18 00
                1532  0  1  0  0  1 004a 003e 99fa  1  0 000a 0028 0032  0032  1  0  0 0000   0  0 zzzz   0  0  1 01f 00 99   0  0  1 019 00 xx    0  0  1 01f 00 fa   0  0  1 019 00 xx
                1542  0  1  0  0  1 003e 0040 1cb0  1  1 0000 063d 063d  063d  1  0  0 0a18   0  0 063d   0  0  1 020 00 1c   0  0  1 11e 18 6c    0  0  1 020 00 b0   0  0  1 11e 18 e2
                1552  0  1  0  0  1 0040 0042 2cd0  1  1 063d 0a18 1055  1055  1  0  0 063d   0  0 1055   0  0  1 021 00 2c   0  0  1 02a 3d xx    0  0  1 021 00 d0   0  0  1 02a 3d xx
                1562  0  1  0  0  1 0042 0044 1bd0  1  1 0000 0a18 0a18  0a18  1  0  0 063d   0  0 0a18   0  0  1 022 00 1b   0  0  1 10c 3d 1e    0  0  1 022 00 d0   0  0  1 10c 3d e6
                1572  0  1  0  0  1 0044 0046 1dc0  1  1 0000 1055 1055  1055  1  0  0 0a18   0  0 1055   0  0  1 023 00 1d   0  0  1 02a 18 xx    0  0  1 023 00 c0   0  0  1 02a 18 xx
                1582  0  0  0  0  1 0046 0048 8271  1  0 0001 0000 0001  0001  1  0  0 0000   0  0 zzzz   0  0  1 024 00 82   0  0  1 000 00 1e    0  0  1 024 00 71   0  0  1 000 00 e6
                1592  0  0  0  0  1 0048 004a 3c60  1  0 2710 1055 16bb  16bb  1  0  0 1055   0  0 zzzz   0  0  1 025 00 3c   0  0  1 15d 55 00    0  0  1 025 00 60   0  0  1 15d 55 00
                1602  0  1  0  0  1 004a 003e 99fa  1  0 000a 0028 0032  0032  1  0  0 0000   0  0 zzzz   0  0  1 01f 00 99   0  0  1 019 00 xx    0  0  1 01f 00 fa   0  0  1 019 00 xx
                1612 ip ok in rs ce   pc i_ad insn hi rf    a    b  sum  d_ad rd sw sb dout  lw lb data  rs we en ada di do  rs we en adb di do   rs we en ada di do  rs we en adb di do
                1612  0  1  0  0  1 003e 0040 1cb0  1  1 0000 0a18 0a18  0a18  1  0  0 1055   0  0 0a18   0  0  1 020 00 1c   0  0  1 10c 55 6c    0  0  1 020 00 b0   0  0  1 10c 55 e2
                1622  0  1  0  0  1 0040 0042 2cd0  1  1 0a18 1055 1a6d  1a6d  1  0  0 0a18   0  0 1a6d   0  0  1 021 00 2c   0  0  1 136 18 xx    0  0  1 021 00 d0   0  0  1 136 18 xx
                1632  0  1  0  0  1 0042 0044 1bd0  1  1 0000 1055 1055  1055  1  0  0 0a18   0  0 1055   0  0  1 022 00 1b   0  0  1 02a 18 xx    0  0  1 022 00 d0   0  0  1 02a 18 xx
                1642  0  1  0  0  1 0044 0046 1dc0  1  1 0000 1a6d 1a6d  1a6d  1  0  0 1055   0  0 1a6d   0  0  1 023 00 1d   0  0  1 136 55 1e    0  0  1 023 00 c0   0  0  1 136 55 e6
                1652  0  0  0  0  1 0046 0048 8271  1  0 0001 0000 0001  0001  1  0  0 0000   0  0 zzzz   0  0  1 024 00 82   0  0  1 000 00 xx    0  0  1 024 00 71   0  0  1 000 00 xx
                1662  0  0  0  0  1 0048 004a 3c60  1  0 2710 1a6d 0ca3  0ca3  1  0  0 1a6d   0  0 zzzz   0  0  1 025 00 3c   0  0  1 051 6d 00    0  0  1 025 00 60   0  0  1 051 6d 00
                1672  0  1  0  0  1 004a 003e 99fa  1  0 000a 0028 0032  0032  1  0  0 0000   0  0 zzzz   0  0  1 01f 00 99   0  0  1 019 00 xx    0  0  1 01f 00 fa   0  0  1 019 00 xx
                1682  0  1  0  0  1 003e 0040 1cb0  1  1 0000 1055 1055  1055  1  0  0 1a6d   0  0 1055   0  0  1 020 00 1c   0  0  1 02a 6d 6c    0  0  1 020 00 b0   0  0  1 02a 6d e2
                1692  0  1  0  0  1 0040 0042 2cd0  1  1 1055 1a6d 2ac2  2ac2  1  0  0 1055   0  0 2ac2   0  0  1 021 00 2c   0  0  1 161 55 1e    0  0  1 021 00 d0   0  0  1 161 55 e6
                1702  0  1  0  0  1 0042 0044 1bd0  1  1 0000 1a6d 1a6d  1a6d  1  0  0 1055   0  0 1a6d   0  0  1 022 00 1b   0  0  1 136 55 xx    0  0  1 022 00 d0   0  0  1 136 55 xx
                1712  0  1  0  0  1 0044 0046 1dc0  1  1 0000 2ac2 2ac2  2ac2  1  0  0 1a6d   0  0 2ac2   0  0  1 023 00 1d   0  0  1 161 6d xx    0  0  1 023 00 c0   0  0  1 161 6d xx
                1722  0  0  0  0  1 0046 0048 8271  1  0 0001 0000 0001  0001  1  0  0 0000   0  0 zzzz   0  0  1 024 00 82   0  0  1 000 00 xx    0  0  1 024 00 71   0  0  1 000 00 xx
                1732  0  0  0  0  1 0048 004a 3c60  1  0 2710 2ac2 fc4e  fc4e  0  0  0 2ac2   0  0 zzzz   0  0  1 025 00 3c   0  0  1 027 c2 00    0  0  1 025 00 60   0  0  1 027 c2 00
                1742  0  1  0  0  1 004a 004c 99fa  1  0 000a 0028 0032  0032  1  0  0 0000   0  0 zzzz   0  0  1 026 00 99   0  0  1 019 00 4b    0  0  1 026 00 fa   0  0  1 019 00 e0
                1752  0  1  0  0  1 004c 004e 12b0  1  1 0000 1a6d 1a6d  1a6d  1  0  0 0000   0  0 1a6d   0  0  1 027 00 12   0  0  1 136 00 6c    0  0  1 027 00 b0   0  0  1 136 00 e2
                1762  0  1  0  0  0 004e 0050 4be0  1  0 0000 03f8 03f8  03f8  0  0  0 1a6d   1  0 xxxx   0  0  0 028 00 4b   0  0  1 1fc 6d xx    0  0  0 028 00 e0   0  0  1 1fc 6d xx
                1772  0  1  0  0  1 004e 0050 4be0  1  1 0000 03f8 03f8  03f8  1  0  0 1a6d   1  0 0000   0  0  1 028 00 4b   0  0  1 1fc 6d 00    0  0  1 028 00 e0   0  0  1 1fc 6d 00
                1782  0  1  0  0  0 0050 0052 4ce2  1  0 0002 03f8 03fa  03fa  0  0  0 2ac2   1  0 0000   0  0  0 029 00 4c   0  0  1 1fd c2 00    0  0  0 029 00 e2   0  0  1 1fd c2 00
                1792  0  1  0  0  1 0050 0052 4ce2  1  1 0002 03f8 03fa  03fa  1  0  0 2ac2   1  0 0000   0  0  1 029 00 4c   0  0  1 1fd c2 00    0  0  1 029 00 e2   0  0  1 1fd c2 00
                1802  0  1  0  0  0 0052 0054 4de4  1  0 0004 03f8 03fc  03fc  0  0  0 2ac2   1  0 0000   0  0  0 02a 00 4d   0  0  1 1fe c2 00    0  0  0 02a 00 e4   0  0  1 1fe c2 00
                1812 ip ok in rs ce   pc i_ad insn hi rf    a    b  sum  d_ad rd sw sb dout  lw lb data  rs we en ada di do  rs we en adb di do   rs we en ada di do  rs we en adb di do
                1812  0  1  0  0  1 0052 0054 4de4  1  1 0004 03f8 03fc  03fc  1  0  0 2ac2   1  0 0000   0  0  1 02a 00 4d   0  0  1 1fe c2 00    0  0  1 02a 00 e4   0  0  1 1fe c2 00
                1822  0  1  0  0  1 0054 0056 1ee6  1  1 0006 03f8 03fe  03fe  1  0  0 03f8   0  0 03fe   0  0  1 02b 00 1e   0  0  1 1ff f8 00    0  0  1 02b 00 e6   0  0  1 1ff f8 00
                1832  0  1  0  0  1 0056 002a 01f2  1  1 0002 0028 002a  002a  1  0  0 0000   0  0 0056   0  0  1 015 00 01   0  0  1 015 00 xx    0  0  1 015 00 f2   0  0  1 015 00 xx
                1842  0  0  0  0  1 002a 002c 8002  1  0 0002 0000 0002  0002  1  0  0 0000   0  0 zzzz   0  0  1 016 00 80   0  0  1 001 00 80    0  0  1 016 00 02   0  0  1 001 00 02
                1852  0  1  0  0  1 002c 0020 0100  1  1 0020 0000 0020  0020  1  0  0 0056   0  0 002c   0  0  1 010 00 01   0  0  1 010 56 1e    0  0  1 010 00 00   0  0  1 010 56 ee
Exiting VeriWell for Win32 at time 1852
0 Errors, 0 Warnings, Memory Used: 275176
Compile time = 0.0, Load time = 0.0, Simulation time = 1.0

Normal exit
Thank you for using VeriWell for Win32
